mode: set
github.com/basedalex/avito-backend-2025-spring/cmd/service/main.go:33.13,38.16 4 0
github.com/basedalex/avito-backend-2025-spring/cmd/service/main.go:38.16,41.3 2 0
github.com/basedalex/avito-backend-2025-spring/cmd/service/main.go:43.2,46.16 3 0
github.com/basedalex/avito-backend-2025-spring/cmd/service/main.go:46.16,49.3 2 0
github.com/basedalex/avito-backend-2025-spring/cmd/service/main.go:50.2,64.12 7 0
github.com/basedalex/avito-backend-2025-spring/cmd/service/main.go:64.12,66.77 2 0
github.com/basedalex/avito-backend-2025-spring/cmd/service/main.go:66.77,68.4 1 0
github.com/basedalex/avito-backend-2025-spring/cmd/service/main.go:71.2,77.50 5 0
github.com/basedalex/avito-backend-2025-spring/cmd/service/main.go:77.50,79.3 1 0
github.com/basedalex/avito-backend-2025-spring/cmd/service/main.go:80.2,80.42 1 0
github.com/basedalex/avito-backend-2025-spring/internal/config/config.go:26.41,28.16 2 0
github.com/basedalex/avito-backend-2025-spring/internal/config/config.go:28.16,30.3 1 0
github.com/basedalex/avito-backend-2025-spring/internal/config/config.go:32.2,33.46 2 0
github.com/basedalex/avito-backend-2025-spring/internal/config/config.go:33.46,35.3 1 0
github.com/basedalex/avito-backend-2025-spring/internal/config/config.go:37.2,37.15 1 0
github.com/basedalex/avito-backend-2025-spring/internal/db/db.go:34.78,36.16 2 0
github.com/basedalex/avito-backend-2025-spring/internal/db/db.go:36.16,38.3 1 0
github.com/basedalex/avito-backend-2025-spring/internal/db/db.go:40.2,41.16 2 0
github.com/basedalex/avito-backend-2025-spring/internal/db/db.go:41.16,43.3 1 0
github.com/basedalex/avito-backend-2025-spring/internal/db/db.go:45.2,46.16 2 0
github.com/basedalex/avito-backend-2025-spring/internal/db/db.go:46.16,48.3 1 0
github.com/basedalex/avito-backend-2025-spring/internal/db/db.go:50.2,50.67 1 0
github.com/basedalex/avito-backend-2025-spring/internal/db/db.go:50.67,52.3 1 0
github.com/basedalex/avito-backend-2025-spring/internal/db/db.go:54.2,54.31 1 0
github.com/basedalex/avito-backend-2025-spring/internal/db/db.go:57.57,60.53 2 0
github.com/basedalex/avito-backend-2025-spring/internal/db/db.go:60.53,62.3 1 0
github.com/basedalex/avito-backend-2025-spring/internal/db/db.go:64.2,64.46 1 0
github.com/basedalex/avito-backend-2025-spring/internal/db/db.go:64.46,66.3 1 0
github.com/basedalex/avito-backend-2025-spring/internal/db/db.go:68.2,68.38 1 0
github.com/basedalex/avito-backend-2025-spring/internal/db/db.go:68.38,70.3 1 0
github.com/basedalex/avito-backend-2025-spring/internal/db/db.go:72.2,72.12 1 0
github.com/basedalex/avito-backend-2025-spring/internal/db/db.go:76.93,80.16 3 0
github.com/basedalex/avito-backend-2025-spring/internal/db/db.go:80.16,82.3 1 0
github.com/basedalex/avito-backend-2025-spring/internal/db/db.go:84.2,84.21 1 0
github.com/basedalex/avito-backend-2025-spring/internal/db/db.go:88.70,93.16 4 0
github.com/basedalex/avito-backend-2025-spring/internal/db/db.go:93.16,95.3 1 0
github.com/basedalex/avito-backend-2025-spring/internal/db/db.go:97.2,97.18 1 0
github.com/basedalex/avito-backend-2025-spring/internal/db/db.go:101.87,103.16 2 0
github.com/basedalex/avito-backend-2025-spring/internal/db/db.go:103.16,105.3 1 0
github.com/basedalex/avito-backend-2025-spring/internal/db/db.go:107.2,107.15 1 0
github.com/basedalex/avito-backend-2025-spring/internal/db/db.go:107.15,109.3 1 0
github.com/basedalex/avito-backend-2025-spring/internal/db/db.go:111.2,114.16 3 0
github.com/basedalex/avito-backend-2025-spring/internal/db/db.go:114.16,116.3 1 0
github.com/basedalex/avito-backend-2025-spring/internal/db/db.go:118.2,118.39 1 0
github.com/basedalex/avito-backend-2025-spring/internal/db/db.go:118.39,120.3 1 0
github.com/basedalex/avito-backend-2025-spring/internal/db/db.go:122.2,122.20 1 0
github.com/basedalex/avito-backend-2025-spring/internal/db/db.go:125.97,130.40 4 0
github.com/basedalex/avito-backend-2025-spring/internal/db/db.go:130.40,132.3 1 0
github.com/basedalex/avito-backend-2025-spring/internal/db/db.go:134.2,134.42 1 0
github.com/basedalex/avito-backend-2025-spring/internal/db/db.go:134.42,136.3 1 0
github.com/basedalex/avito-backend-2025-spring/internal/db/db.go:138.2,138.20 1 0
github.com/basedalex/avito-backend-2025-spring/internal/db/db.go:141.112,143.16 2 0
github.com/basedalex/avito-backend-2025-spring/internal/db/db.go:143.16,145.3 1 0
github.com/basedalex/avito-backend-2025-spring/internal/db/db.go:147.2,147.15 1 0
github.com/basedalex/avito-backend-2025-spring/internal/db/db.go:147.15,149.3 1 0
github.com/basedalex/avito-backend-2025-spring/internal/db/db.go:151.2,152.16 2 0
github.com/basedalex/avito-backend-2025-spring/internal/db/db.go:152.16,154.3 1 0
github.com/basedalex/avito-backend-2025-spring/internal/db/db.go:156.2,156.29 1 0
github.com/basedalex/avito-backend-2025-spring/internal/db/db.go:156.29,158.3 1 0
github.com/basedalex/avito-backend-2025-spring/internal/db/db.go:160.2,164.16 4 0
github.com/basedalex/avito-backend-2025-spring/internal/db/db.go:164.16,166.3 1 0
github.com/basedalex/avito-backend-2025-spring/internal/db/db.go:168.2,170.16 3 0
github.com/basedalex/avito-backend-2025-spring/internal/db/db.go:170.16,172.3 1 0
github.com/basedalex/avito-backend-2025-spring/internal/db/db.go:174.2,174.39 1 0
github.com/basedalex/avito-backend-2025-spring/internal/db/db.go:174.39,176.3 1 0
github.com/basedalex/avito-backend-2025-spring/internal/db/db.go:178.2,178.26 1 0
github.com/basedalex/avito-backend-2025-spring/internal/db/db.go:181.119,183.16 2 0
github.com/basedalex/avito-backend-2025-spring/internal/db/db.go:183.16,185.3 1 0
github.com/basedalex/avito-backend-2025-spring/internal/db/db.go:187.2,187.15 1 0
github.com/basedalex/avito-backend-2025-spring/internal/db/db.go:187.15,189.3 1 0
github.com/basedalex/avito-backend-2025-spring/internal/db/db.go:191.2,192.16 2 0
github.com/basedalex/avito-backend-2025-spring/internal/db/db.go:192.16,194.3 1 0
github.com/basedalex/avito-backend-2025-spring/internal/db/db.go:196.2,196.24 1 0
github.com/basedalex/avito-backend-2025-spring/internal/db/db.go:196.24,198.3 1 0
github.com/basedalex/avito-backend-2025-spring/internal/db/db.go:200.2,203.16 3 0
github.com/basedalex/avito-backend-2025-spring/internal/db/db.go:203.16,205.3 1 0
github.com/basedalex/avito-backend-2025-spring/internal/db/db.go:207.2,211.16 4 0
github.com/basedalex/avito-backend-2025-spring/internal/db/db.go:211.16,213.3 1 0
github.com/basedalex/avito-backend-2025-spring/internal/db/db.go:215.2,215.39 1 0
github.com/basedalex/avito-backend-2025-spring/internal/db/db.go:215.39,217.3 1 0
github.com/basedalex/avito-backend-2025-spring/internal/db/db.go:219.2,219.24 1 0
github.com/basedalex/avito-backend-2025-spring/internal/db/db.go:222.81,224.16 2 0
github.com/basedalex/avito-backend-2025-spring/internal/db/db.go:224.16,226.3 1 0
github.com/basedalex/avito-backend-2025-spring/internal/db/db.go:228.2,228.29 1 0
github.com/basedalex/avito-backend-2025-spring/internal/db/db.go:228.29,230.3 1 0
github.com/basedalex/avito-backend-2025-spring/internal/db/db.go:232.2,233.16 2 0
github.com/basedalex/avito-backend-2025-spring/internal/db/db.go:233.16,235.3 1 0
github.com/basedalex/avito-backend-2025-spring/internal/db/db.go:236.2,239.16 4 0
github.com/basedalex/avito-backend-2025-spring/internal/db/db.go:239.16,241.3 1 0
github.com/basedalex/avito-backend-2025-spring/internal/db/db.go:243.2,245.16 3 0
github.com/basedalex/avito-backend-2025-spring/internal/db/db.go:245.16,247.3 1 0
github.com/basedalex/avito-backend-2025-spring/internal/db/db.go:249.2,249.12 1 0
github.com/basedalex/avito-backend-2025-spring/internal/db/db.go:252.97,256.16 4 0
github.com/basedalex/avito-backend-2025-spring/internal/db/db.go:256.16,258.3 1 0
github.com/basedalex/avito-backend-2025-spring/internal/db/db.go:259.2,259.25 1 0
github.com/basedalex/avito-backend-2025-spring/internal/db/db.go:262.102,264.16 2 0
github.com/basedalex/avito-backend-2025-spring/internal/db/db.go:264.16,266.3 1 0
github.com/basedalex/avito-backend-2025-spring/internal/db/db.go:268.2,268.15 1 0
github.com/basedalex/avito-backend-2025-spring/internal/db/db.go:268.15,270.3 1 0
github.com/basedalex/avito-backend-2025-spring/internal/db/db.go:272.2,273.16 2 0
github.com/basedalex/avito-backend-2025-spring/internal/db/db.go:273.16,275.3 1 0
github.com/basedalex/avito-backend-2025-spring/internal/db/db.go:277.2,277.29 1 0
github.com/basedalex/avito-backend-2025-spring/internal/db/db.go:277.29,279.3 1 0
github.com/basedalex/avito-backend-2025-spring/internal/db/db.go:281.2,285.16 4 0
github.com/basedalex/avito-backend-2025-spring/internal/db/db.go:285.16,287.3 1 0
github.com/basedalex/avito-backend-2025-spring/internal/db/db.go:288.2,289.16 2 0
github.com/basedalex/avito-backend-2025-spring/internal/db/db.go:289.16,291.3 1 0
github.com/basedalex/avito-backend-2025-spring/internal/db/db.go:294.2,296.16 3 0
github.com/basedalex/avito-backend-2025-spring/internal/db/db.go:296.16,298.3 1 0
github.com/basedalex/avito-backend-2025-spring/internal/db/db.go:300.2,300.39 1 0
github.com/basedalex/avito-backend-2025-spring/internal/db/db.go:300.39,302.3 1 0
github.com/basedalex/avito-backend-2025-spring/internal/db/db.go:304.2,304.23 1 0
github.com/basedalex/avito-backend-2025-spring/internal/db/db.go:307.133,348.19 4 0
github.com/basedalex/avito-backend-2025-spring/internal/db/db.go:348.19,350.6 1 0
github.com/basedalex/avito-backend-2025-spring/internal/db/db.go:351.5,362.21 5 0
github.com/basedalex/avito-backend-2025-spring/internal/db/db.go:362.21,387.23 3 0
github.com/basedalex/avito-backend-2025-spring/internal/db/db.go:387.23,389.10 1 0
github.com/basedalex/avito-backend-2025-spring/internal/db/db.go:391.9,392.20 2 0
github.com/basedalex/avito-backend-2025-spring/internal/db/db.go:392.20,408.10 5 0
github.com/basedalex/avito-backend-2025-spring/internal/db/db.go:410.9,410.31 1 0
github.com/basedalex/avito-backend-2025-spring/internal/db/db.go:410.31,412.33 2 0
github.com/basedalex/avito-backend-2025-spring/internal/db/db.go:412.33,428.14 5 0
github.com/basedalex/avito-backend-2025-spring/internal/db/db.go:430.13,430.33 1 0
github.com/basedalex/avito-backend-2025-spring/internal/db/db.go:430.33,438.14 2 0
github.com/basedalex/avito-backend-2025-spring/internal/db/db.go:442.5,442.37 1 0
github.com/basedalex/avito-backend-2025-spring/internal/db/db.go:442.37,444.6 1 0
github.com/basedalex/avito-backend-2025-spring/internal/db/db.go:446.5,456.19 4 0
github.com/basedalex/avito-backend-2025-spring/internal/db/db.go:456.19,458.6 1 0
github.com/basedalex/avito-backend-2025-spring/internal/db/db.go:460.5,462.23 2 0
github.com/basedalex/avito-backend-2025-spring/internal/db/models/models.go:60.57,66.2 1 0
github.com/basedalex/avito-backend-2025-spring/internal/db/models/models.go:68.49,74.2 1 0
github.com/basedalex/avito-backend-2025-spring/internal/mocks/mock_db.go:29.65,33.2 3 0
github.com/basedalex/avito-backend-2025-spring/internal/mocks/mock_db.go:36.63,38.2 1 0
github.com/basedalex/avito-backend-2025-spring/internal/mocks/mock_db.go:41.127,47.2 5 0
github.com/basedalex/avito-backend-2025-spring/internal/mocks/mock_db.go:50.99,53.2 2 0
github.com/basedalex/avito-backend-2025-spring/internal/mocks/mock_db.go:56.102,62.2 5 0
github.com/basedalex/avito-backend-2025-spring/internal/mocks/mock_db.go:65.98,68.2 2 0
github.com/basedalex/avito-backend-2025-spring/internal/mocks/mock_db.go:71.108,77.2 5 0
github.com/basedalex/avito-backend-2025-spring/internal/mocks/mock_db.go:80.93,83.2 2 0
github.com/basedalex/avito-backend-2025-spring/internal/mocks/mock_db.go:86.93,92.2 5 0
github.com/basedalex/avito-backend-2025-spring/internal/mocks/mock_db.go:95.84,98.2 2 0
github.com/basedalex/avito-backend-2025-spring/internal/mocks/mock_db.go:101.118,107.2 5 0
github.com/basedalex/avito-backend-2025-spring/internal/mocks/mock_db.go:110.96,113.2 2 0
github.com/basedalex/avito-backend-2025-spring/internal/mocks/mock_db.go:116.87,121.2 4 0
github.com/basedalex/avito-backend-2025-spring/internal/mocks/mock_db.go:124.92,127.2 2 0
github.com/basedalex/avito-backend-2025-spring/internal/mocks/mock_db.go:130.139,136.2 5 0
github.com/basedalex/avito-backend-2025-spring/internal/mocks/mock_db.go:139.113,142.2 2 0
github.com/basedalex/avito-backend-2025-spring/internal/mocks/mock_db.go:145.76,151.2 5 0
github.com/basedalex/avito-backend-2025-spring/internal/mocks/mock_db.go:154.86,157.2 2 0
github.com/basedalex/avito-backend-2025-spring/internal/mocks/mock_db.go:160.99,166.2 5 0
github.com/basedalex/avito-backend-2025-spring/internal/mocks/mock_db.go:169.88,172.2 2 0
github.com/basedalex/avito-backend-2025-spring/internal/mocks/mock_service.go:29.59,33.2 3 0
github.com/basedalex/avito-backend-2025-spring/internal/mocks/mock_service.go:36.57,38.2 1 0
github.com/basedalex/avito-backend-2025-spring/internal/mocks/mock_service.go:41.95,44.2 2 0
github.com/basedalex/avito-backend-2025-spring/internal/mocks/mock_service.go:47.82,50.2 2 0
github.com/basedalex/avito-backend-2025-spring/internal/mocks/mock_service.go:53.78,56.2 2 0
github.com/basedalex/avito-backend-2025-spring/internal/mocks/mock_service.go:59.82,62.2 2 0
github.com/basedalex/avito-backend-2025-spring/internal/mocks/mock_service.go:65.73,68.2 2 0
github.com/basedalex/avito-backend-2025-spring/internal/mocks/mock_service.go:71.77,74.2 2 0
github.com/basedalex/avito-backend-2025-spring/internal/mocks/mock_service.go:77.76,80.2 2 0
github.com/basedalex/avito-backend-2025-spring/internal/mocks/mock_service.go:83.80,86.2 2 0
github.com/basedalex/avito-backend-2025-spring/internal/mocks/mock_service.go:89.71,92.2 2 0
github.com/basedalex/avito-backend-2025-spring/internal/mocks/mock_service.go:95.75,98.2 2 0
github.com/basedalex/avito-backend-2025-spring/internal/mocks/mock_service.go:101.111,104.2 2 0
github.com/basedalex/avito-backend-2025-spring/internal/mocks/mock_service.go:107.105,110.2 2 0
github.com/basedalex/avito-backend-2025-spring/internal/mocks/mock_service.go:113.110,116.2 2 0
github.com/basedalex/avito-backend-2025-spring/internal/mocks/mock_service.go:119.104,122.2 2 0
github.com/basedalex/avito-backend-2025-spring/internal/mocks/mock_service.go:125.78,128.2 2 0
github.com/basedalex/avito-backend-2025-spring/internal/mocks/mock_service.go:131.82,134.2 2 0
github.com/basedalex/avito-backend-2025-spring/internal/mocks/mock_service.go:137.76,140.2 2 0
github.com/basedalex/avito-backend-2025-spring/internal/mocks/mock_service.go:143.80,146.2 2 0
github.com/basedalex/avito-backend-2025-spring/internal/mocks/mock_service.go:160.69,164.2 3 0
github.com/basedalex/avito-backend-2025-spring/internal/mocks/mock_service.go:167.67,169.2 1 0
github.com/basedalex/avito-backend-2025-spring/internal/mocks/mock_service.go:172.76,178.2 5 0
github.com/basedalex/avito-backend-2025-spring/internal/mocks/mock_service.go:181.91,184.2 2 0
github.com/basedalex/avito-backend-2025-spring/internal/mocks/mock_service.go:187.84,193.2 5 0
github.com/basedalex/avito-backend-2025-spring/internal/mocks/mock_service.go:196.91,199.2 2 0
github.com/basedalex/avito-backend-2025-spring/internal/middleware/middleware.go:11.53,12.71 1 0
github.com/basedalex/avito-backend-2025-spring/internal/middleware/middleware.go:12.71,14.71 2 0
github.com/basedalex/avito-backend-2025-spring/internal/middleware/middleware.go:14.71,17.4 2 0
github.com/basedalex/avito-backend-2025-spring/internal/middleware/middleware.go:18.3,19.24 2 0
github.com/basedalex/avito-backend-2025-spring/internal/middleware/middleware.go:19.24,23.4 3 0
github.com/basedalex/avito-backend-2025-spring/internal/middleware/middleware.go:24.3,25.46 2 0
github.com/basedalex/avito-backend-2025-spring/internal/middleware/middleware.go:25.46,29.4 3 0
github.com/basedalex/avito-backend-2025-spring/internal/middleware/middleware.go:30.3,31.17 2 0
github.com/basedalex/avito-backend-2025-spring/internal/middleware/middleware.go:31.17,35.4 3 0
github.com/basedalex/avito-backend-2025-spring/internal/middleware/middleware.go:36.3,36.23 1 0
github.com/basedalex/avito-backend-2025-spring/internal/generated/dto.gen.go:231.79,233.2 1 0
github.com/basedalex/avito-backend-2025-spring/internal/generated/dto.gen.go:237.74,239.2 1 0
github.com/basedalex/avito-backend-2025-spring/internal/generated/dto.gen.go:243.77,245.2 1 0
github.com/basedalex/avito-backend-2025-spring/internal/generated/dto.gen.go:249.92,251.2 1 0
github.com/basedalex/avito-backend-2025-spring/internal/generated/dto.gen.go:255.72,257.2 1 0
github.com/basedalex/avito-backend-2025-spring/internal/generated/dto.gen.go:261.121,263.2 1 0
github.com/basedalex/avito-backend-2025-spring/internal/generated/dto.gen.go:267.120,269.2 1 0
github.com/basedalex/avito-backend-2025-spring/internal/generated/dto.gen.go:273.79,275.2 1 0
github.com/basedalex/avito-backend-2025-spring/internal/generated/dto.gen.go:279.77,281.2 1 0
github.com/basedalex/avito-backend-2025-spring/internal/generated/dto.gen.go:293.91,296.88 2 0
github.com/basedalex/avito-backend-2025-spring/internal/generated/dto.gen.go:296.88,298.3 1 0
github.com/basedalex/avito-backend-2025-spring/internal/generated/dto.gen.go:300.2,300.52 1 0
github.com/basedalex/avito-backend-2025-spring/internal/generated/dto.gen.go:300.52,302.3 1 0
github.com/basedalex/avito-backend-2025-spring/internal/generated/dto.gen.go:304.2,304.42 1 0
github.com/basedalex/avito-backend-2025-spring/internal/generated/dto.gen.go:308.86,311.88 2 0
github.com/basedalex/avito-backend-2025-spring/internal/generated/dto.gen.go:311.88,313.3 1 0
github.com/basedalex/avito-backend-2025-spring/internal/generated/dto.gen.go:315.2,315.52 1 0
github.com/basedalex/avito-backend-2025-spring/internal/generated/dto.gen.go:315.52,317.3 1 0
github.com/basedalex/avito-backend-2025-spring/internal/generated/dto.gen.go:319.2,319.42 1 0
github.com/basedalex/avito-backend-2025-spring/internal/generated/dto.gen.go:323.89,328.88 3 0
github.com/basedalex/avito-backend-2025-spring/internal/generated/dto.gen.go:328.88,330.3 1 0
github.com/basedalex/avito-backend-2025-spring/internal/generated/dto.gen.go:332.2,332.52 1 0
github.com/basedalex/avito-backend-2025-spring/internal/generated/dto.gen.go:332.52,334.3 1 0
github.com/basedalex/avito-backend-2025-spring/internal/generated/dto.gen.go:336.2,336.42 1 0
github.com/basedalex/avito-backend-2025-spring/internal/generated/dto.gen.go:340.83,353.16 6 0
github.com/basedalex/avito-backend-2025-spring/internal/generated/dto.gen.go:353.16,356.3 2 0
github.com/basedalex/avito-backend-2025-spring/internal/generated/dto.gen.go:360.2,361.16 2 0
github.com/basedalex/avito-backend-2025-spring/internal/generated/dto.gen.go:361.16,364.3 2 0
github.com/basedalex/avito-backend-2025-spring/internal/generated/dto.gen.go:368.2,369.16 2 0
github.com/basedalex/avito-backend-2025-spring/internal/generated/dto.gen.go:369.16,372.3 2 0
github.com/basedalex/avito-backend-2025-spring/internal/generated/dto.gen.go:376.2,377.16 2 0
github.com/basedalex/avito-backend-2025-spring/internal/generated/dto.gen.go:377.16,380.3 2 0
github.com/basedalex/avito-backend-2025-spring/internal/generated/dto.gen.go:382.2,382.88 1 0
github.com/basedalex/avito-backend-2025-spring/internal/generated/dto.gen.go:382.88,384.3 1 0
github.com/basedalex/avito-backend-2025-spring/internal/generated/dto.gen.go:386.2,386.52 1 0
github.com/basedalex/avito-backend-2025-spring/internal/generated/dto.gen.go:386.52,388.3 1 0
github.com/basedalex/avito-backend-2025-spring/internal/generated/dto.gen.go:390.2,390.42 1 0
github.com/basedalex/avito-backend-2025-spring/internal/generated/dto.gen.go:394.84,399.88 3 0
github.com/basedalex/avito-backend-2025-spring/internal/generated/dto.gen.go:399.88,401.3 1 0
github.com/basedalex/avito-backend-2025-spring/internal/generated/dto.gen.go:403.2,403.52 1 0
github.com/basedalex/avito-backend-2025-spring/internal/generated/dto.gen.go:403.52,405.3 1 0
github.com/basedalex/avito-backend-2025-spring/internal/generated/dto.gen.go:407.2,407.42 1 0
github.com/basedalex/avito-backend-2025-spring/internal/generated/dto.gen.go:411.107,420.16 5 0
github.com/basedalex/avito-backend-2025-spring/internal/generated/dto.gen.go:420.16,423.3 2 0
github.com/basedalex/avito-backend-2025-spring/internal/generated/dto.gen.go:425.2,427.88 2 0
github.com/basedalex/avito-backend-2025-spring/internal/generated/dto.gen.go:427.88,429.3 1 0
github.com/basedalex/avito-backend-2025-spring/internal/generated/dto.gen.go:431.2,431.52 1 0
github.com/basedalex/avito-backend-2025-spring/internal/generated/dto.gen.go:431.52,433.3 1 0
github.com/basedalex/avito-backend-2025-spring/internal/generated/dto.gen.go:435.2,435.42 1 0
github.com/basedalex/avito-backend-2025-spring/internal/generated/dto.gen.go:439.106,448.16 5 0
github.com/basedalex/avito-backend-2025-spring/internal/generated/dto.gen.go:448.16,451.3 2 0
github.com/basedalex/avito-backend-2025-spring/internal/generated/dto.gen.go:453.2,455.88 2 0
github.com/basedalex/avito-backend-2025-spring/internal/generated/dto.gen.go:455.88,457.3 1 0
github.com/basedalex/avito-backend-2025-spring/internal/generated/dto.gen.go:459.2,459.52 1 0
github.com/basedalex/avito-backend-2025-spring/internal/generated/dto.gen.go:459.52,461.3 1 0
github.com/basedalex/avito-backend-2025-spring/internal/generated/dto.gen.go:463.2,463.42 1 0
github.com/basedalex/avito-backend-2025-spring/internal/generated/dto.gen.go:467.91,472.88 3 0
github.com/basedalex/avito-backend-2025-spring/internal/generated/dto.gen.go:472.88,474.3 1 0
github.com/basedalex/avito-backend-2025-spring/internal/generated/dto.gen.go:476.2,476.52 1 0
github.com/basedalex/avito-backend-2025-spring/internal/generated/dto.gen.go:476.52,478.3 1 0
github.com/basedalex/avito-backend-2025-spring/internal/generated/dto.gen.go:480.2,480.42 1 0
github.com/basedalex/avito-backend-2025-spring/internal/generated/dto.gen.go:484.89,487.88 2 0
github.com/basedalex/avito-backend-2025-spring/internal/generated/dto.gen.go:487.88,489.3 1 0
github.com/basedalex/avito-backend-2025-spring/internal/generated/dto.gen.go:491.2,491.52 1 0
github.com/basedalex/avito-backend-2025-spring/internal/generated/dto.gen.go:491.52,493.3 1 0
github.com/basedalex/avito-backend-2025-spring/internal/generated/dto.gen.go:495.2,495.42 1 0
github.com/basedalex/avito-backend-2025-spring/internal/generated/dto.gen.go:503.52,505.2 1 0
github.com/basedalex/avito-backend-2025-spring/internal/generated/dto.gen.go:507.52,509.2 1 0
github.com/basedalex/avito-backend-2025-spring/internal/generated/dto.gen.go:516.49,518.2 1 0
github.com/basedalex/avito-backend-2025-spring/internal/generated/dto.gen.go:520.49,522.2 1 0
github.com/basedalex/avito-backend-2025-spring/internal/generated/dto.gen.go:528.45,530.2 1 0
github.com/basedalex/avito-backend-2025-spring/internal/generated/dto.gen.go:537.46,539.2 1 0
github.com/basedalex/avito-backend-2025-spring/internal/generated/dto.gen.go:541.46,543.2 1 0
github.com/basedalex/avito-backend-2025-spring/internal/generated/dto.gen.go:550.50,552.2 1 0
github.com/basedalex/avito-backend-2025-spring/internal/generated/dto.gen.go:554.50,556.2 1 0
github.com/basedalex/avito-backend-2025-spring/internal/generated/dto.gen.go:563.53,565.2 1 0
github.com/basedalex/avito-backend-2025-spring/internal/generated/dto.gen.go:568.47,570.2 1 0
github.com/basedalex/avito-backend-2025-spring/internal/generated/dto.gen.go:580.68,584.2 1 0
github.com/basedalex/avito-backend-2025-spring/internal/generated/dto.gen.go:586.95,591.2 1 0
github.com/basedalex/avito-backend-2025-spring/internal/generated/dto.gen.go:594.84,597.14 2 0
github.com/basedalex/avito-backend-2025-spring/internal/generated/dto.gen.go:597.14,599.3 1 0
github.com/basedalex/avito-backend-2025-spring/internal/generated/dto.gen.go:600.2,600.37 1 0
github.com/basedalex/avito-backend-2025-spring/internal/generated/dto.gen.go:600.37,601.86 1 0
github.com/basedalex/avito-backend-2025-spring/internal/generated/dto.gen.go:601.86,603.4 1 0
github.com/basedalex/avito-backend-2025-spring/internal/generated/dto.gen.go:605.2,611.29 2 0
github.com/basedalex/avito-backend-2025-spring/internal/generated/dto.gen.go:611.29,613.3 1 0
github.com/basedalex/avito-backend-2025-spring/internal/generated/dto.gen.go:614.2,614.29 1 0
github.com/basedalex/avito-backend-2025-spring/internal/generated/dto.gen.go:614.29,616.3 1 0
github.com/basedalex/avito-backend-2025-spring/internal/generated/dto.gen.go:617.2,617.29 1 0
github.com/basedalex/avito-backend-2025-spring/internal/generated/dto.gen.go:617.29,619.3 1 0
github.com/basedalex/avito-backend-2025-spring/internal/generated/dto.gen.go:620.2,620.29 1 0
github.com/basedalex/avito-backend-2025-spring/internal/generated/dto.gen.go:620.29,622.3 1 0
github.com/basedalex/avito-backend-2025-spring/internal/generated/dto.gen.go:623.2,623.29 1 0
github.com/basedalex/avito-backend-2025-spring/internal/generated/dto.gen.go:623.29,625.3 1 0
github.com/basedalex/avito-backend-2025-spring/internal/generated/dto.gen.go:626.2,626.29 1 0
github.com/basedalex/avito-backend-2025-spring/internal/generated/dto.gen.go:626.29,628.3 1 0
github.com/basedalex/avito-backend-2025-spring/internal/generated/dto.gen.go:629.2,629.29 1 0
github.com/basedalex/avito-backend-2025-spring/internal/generated/dto.gen.go:629.29,631.3 1 0
github.com/basedalex/avito-backend-2025-spring/internal/generated/dto.gen.go:632.2,632.29 1 0
github.com/basedalex/avito-backend-2025-spring/internal/generated/dto.gen.go:632.29,634.3 1 0
github.com/basedalex/avito-backend-2025-spring/internal/generated/dto.gen.go:635.2,635.29 1 0
github.com/basedalex/avito-backend-2025-spring/internal/generated/dto.gen.go:635.29,637.3 1 0
github.com/basedalex/avito-backend-2025-spring/internal/generated/dto.gen.go:639.2,639.10 1 0
github.com/basedalex/avito-backend-2025-spring/internal/generated/dto.gen.go:677.35,679.16 2 0
github.com/basedalex/avito-backend-2025-spring/internal/generated/dto.gen.go:679.16,681.3 1 0
github.com/basedalex/avito-backend-2025-spring/internal/generated/dto.gen.go:682.2,683.16 2 0
github.com/basedalex/avito-backend-2025-spring/internal/generated/dto.gen.go:683.16,685.3 1 0
github.com/basedalex/avito-backend-2025-spring/internal/generated/dto.gen.go:686.2,688.16 3 0
github.com/basedalex/avito-backend-2025-spring/internal/generated/dto.gen.go:688.16,690.3 1 0
github.com/basedalex/avito-backend-2025-spring/internal/generated/dto.gen.go:692.2,692.25 1 0
github.com/basedalex/avito-backend-2025-spring/internal/generated/dto.gen.go:698.48,700.32 2 0
github.com/basedalex/avito-backend-2025-spring/internal/generated/dto.gen.go:700.32,702.3 1 0
github.com/basedalex/avito-backend-2025-spring/internal/generated/dto.gen.go:706.73,708.25 2 0
github.com/basedalex/avito-backend-2025-spring/internal/generated/dto.gen.go:708.25,710.3 1 0
github.com/basedalex/avito-backend-2025-spring/internal/generated/dto.gen.go:712.2,712.12 1 0
github.com/basedalex/avito-backend-2025-spring/internal/generated/dto.gen.go:720.52,725.87 4 0
github.com/basedalex/avito-backend-2025-spring/internal/generated/dto.gen.go:725.87,729.10 4 0
github.com/basedalex/avito-backend-2025-spring/internal/generated/dto.gen.go:729.10,732.4 2 0
github.com/basedalex/avito-backend-2025-spring/internal/generated/dto.gen.go:733.3,733.19 1 0
github.com/basedalex/avito-backend-2025-spring/internal/generated/dto.gen.go:735.2,737.16 3 0
github.com/basedalex/avito-backend-2025-spring/internal/generated/dto.gen.go:737.16,739.3 1 0
github.com/basedalex/avito-backend-2025-spring/internal/generated/dto.gen.go:740.2,741.16 2 0
github.com/basedalex/avito-backend-2025-spring/internal/generated/dto.gen.go:741.16,743.3 1 0
github.com/basedalex/avito-backend-2025-spring/internal/generated/dto.gen.go:744.2,744.8 1 0
github.com/basedalex/avito-backend-2025-spring/internal/auth/auth.go:13.31,15.2 1 1
github.com/basedalex/avito-backend-2025-spring/internal/auth/auth.go:17.54,26.16 3 1
github.com/basedalex/avito-backend-2025-spring/internal/auth/auth.go:26.16,28.3 1 0
github.com/basedalex/avito-backend-2025-spring/internal/auth/auth.go:30.2,30.25 1 1
github.com/basedalex/avito-backend-2025-spring/internal/auth/auth.go:38.57,40.75 2 1
github.com/basedalex/avito-backend-2025-spring/internal/auth/auth.go:40.75,41.58 1 1
github.com/basedalex/avito-backend-2025-spring/internal/auth/auth.go:41.58,43.4 1 0
github.com/basedalex/avito-backend-2025-spring/internal/auth/auth.go:44.3,44.24 1 1
github.com/basedalex/avito-backend-2025-spring/internal/auth/auth.go:47.2,47.16 1 1
github.com/basedalex/avito-backend-2025-spring/internal/auth/auth.go:47.16,49.3 1 1
github.com/basedalex/avito-backend-2025-spring/internal/auth/auth.go:50.2,50.18 1 1
github.com/basedalex/avito-backend-2025-spring/internal/auth/auth.go:50.18,52.3 1 0
github.com/basedalex/avito-backend-2025-spring/internal/auth/auth.go:54.2,55.9 2 1
github.com/basedalex/avito-backend-2025-spring/internal/auth/auth.go:55.9,57.3 1 0
github.com/basedalex/avito-backend-2025-spring/internal/auth/auth.go:59.2,60.43 2 1
github.com/basedalex/avito-backend-2025-spring/internal/auth/auth.go:60.43,62.3 1 1
github.com/basedalex/avito-backend-2025-spring/internal/auth/auth.go:64.2,67.49 3 1
github.com/basedalex/avito-backend-2025-spring/internal/auth/auth.go:70.39,71.58 1 1
github.com/basedalex/avito-backend-2025-spring/internal/auth/auth.go:71.58,73.3 1 0
github.com/basedalex/avito-backend-2025-spring/internal/auth/auth.go:74.2,74.14 1 1
github.com/basedalex/avito-backend-2025-spring/internal/service/service.go:61.69,67.2 1 1
github.com/basedalex/avito-backend-2025-spring/internal/service/service.go:76.74,78.2 1 0
github.com/basedalex/avito-backend-2025-spring/internal/service/service.go:80.82,82.2 1 0
github.com/basedalex/avito-backend-2025-spring/internal/service/service.go:85.76,88.116 2 1
github.com/basedalex/avito-backend-2025-spring/internal/service/service.go:88.116,92.3 3 1
github.com/basedalex/avito-backend-2025-spring/internal/service/service.go:94.2,96.28 2 1
github.com/basedalex/avito-backend-2025-spring/internal/service/service.go:96.28,98.3 1 1
github.com/basedalex/avito-backend-2025-spring/internal/service/service.go:98.8,100.3 1 1
github.com/basedalex/avito-backend-2025-spring/internal/service/service.go:102.2,103.16 2 1
github.com/basedalex/avito-backend-2025-spring/internal/service/service.go:103.16,107.3 3 1
github.com/basedalex/avito-backend-2025-spring/internal/service/service.go:109.2,109.68 1 1
github.com/basedalex/avito-backend-2025-spring/internal/service/service.go:113.74,116.61 2 1
github.com/basedalex/avito-backend-2025-spring/internal/service/service.go:116.61,120.3 3 1
github.com/basedalex/avito-backend-2025-spring/internal/service/service.go:122.2,122.61 1 1
github.com/basedalex/avito-backend-2025-spring/internal/service/service.go:122.61,126.3 3 0
github.com/basedalex/avito-backend-2025-spring/internal/service/service.go:128.2,129.16 2 1
github.com/basedalex/avito-backend-2025-spring/internal/service/service.go:129.16,133.3 3 0
github.com/basedalex/avito-backend-2025-spring/internal/service/service.go:135.2,143.16 3 1
github.com/basedalex/avito-backend-2025-spring/internal/service/service.go:143.16,147.3 3 1
github.com/basedalex/avito-backend-2025-spring/internal/service/service.go:149.2,155.16 3 1
github.com/basedalex/avito-backend-2025-spring/internal/service/service.go:155.16,159.3 3 1
github.com/basedalex/avito-backend-2025-spring/internal/service/service.go:161.2,161.78 1 1
github.com/basedalex/avito-backend-2025-spring/internal/service/service.go:165.71,168.102 2 1
github.com/basedalex/avito-backend-2025-spring/internal/service/service.go:168.102,172.3 3 1
github.com/basedalex/avito-backend-2025-spring/internal/service/service.go:174.2,175.16 2 1
github.com/basedalex/avito-backend-2025-spring/internal/service/service.go:175.16,178.3 2 1
github.com/basedalex/avito-backend-2025-spring/internal/service/service.go:180.2,181.16 2 1
github.com/basedalex/avito-backend-2025-spring/internal/service/service.go:181.16,184.3 2 1
github.com/basedalex/avito-backend-2025-spring/internal/service/service.go:186.2,187.16 2 1
github.com/basedalex/avito-backend-2025-spring/internal/service/service.go:187.16,190.3 2 1
github.com/basedalex/avito-backend-2025-spring/internal/service/service.go:192.2,192.68 1 1
github.com/basedalex/avito-backend-2025-spring/internal/service/service.go:196.69,198.16 2 1
github.com/basedalex/avito-backend-2025-spring/internal/service/service.go:198.16,202.3 3 1
github.com/basedalex/avito-backend-2025-spring/internal/service/service.go:203.2,204.9 2 1
github.com/basedalex/avito-backend-2025-spring/internal/service/service.go:204.9,208.3 3 1
github.com/basedalex/avito-backend-2025-spring/internal/service/service.go:209.2,211.61 2 1
github.com/basedalex/avito-backend-2025-spring/internal/service/service.go:211.61,215.3 3 1
github.com/basedalex/avito-backend-2025-spring/internal/service/service.go:216.2,223.16 3 1
github.com/basedalex/avito-backend-2025-spring/internal/service/service.go:223.16,227.3 3 1
github.com/basedalex/avito-backend-2025-spring/internal/service/service.go:228.2,228.46 1 1
github.com/basedalex/avito-backend-2025-spring/internal/service/service.go:232.76,234.16 2 1
github.com/basedalex/avito-backend-2025-spring/internal/service/service.go:234.16,238.3 3 1
github.com/basedalex/avito-backend-2025-spring/internal/service/service.go:240.2,241.9 2 1
github.com/basedalex/avito-backend-2025-spring/internal/service/service.go:241.9,245.3 3 1
github.com/basedalex/avito-backend-2025-spring/internal/service/service.go:247.2,249.61 2 1
github.com/basedalex/avito-backend-2025-spring/internal/service/service.go:249.61,253.3 3 1
github.com/basedalex/avito-backend-2025-spring/internal/service/service.go:255.2,258.16 3 1
github.com/basedalex/avito-backend-2025-spring/internal/service/service.go:258.16,262.3 3 1
github.com/basedalex/avito-backend-2025-spring/internal/service/service.go:263.2,264.49 2 1
github.com/basedalex/avito-backend-2025-spring/internal/service/service.go:268.74,270.16 2 1
github.com/basedalex/avito-backend-2025-spring/internal/service/service.go:270.16,274.3 3 1
github.com/basedalex/avito-backend-2025-spring/internal/service/service.go:275.2,276.9 2 1
github.com/basedalex/avito-backend-2025-spring/internal/service/service.go:276.9,280.3 3 1
github.com/basedalex/avito-backend-2025-spring/internal/service/service.go:282.2,284.61 2 1
github.com/basedalex/avito-backend-2025-spring/internal/service/service.go:284.61,288.3 3 1
github.com/basedalex/avito-backend-2025-spring/internal/service/service.go:290.2,293.9 3 1
github.com/basedalex/avito-backend-2025-spring/internal/service/service.go:293.9,297.3 3 1
github.com/basedalex/avito-backend-2025-spring/internal/service/service.go:299.2,302.16 3 1
github.com/basedalex/avito-backend-2025-spring/internal/service/service.go:302.16,306.3 3 1
github.com/basedalex/avito-backend-2025-spring/internal/service/service.go:308.2,310.50 2 1
github.com/basedalex/avito-backend-2025-spring/internal/service/service.go:314.108,316.16 2 1
github.com/basedalex/avito-backend-2025-spring/internal/service/service.go:316.16,319.3 2 1
github.com/basedalex/avito-backend-2025-spring/internal/service/service.go:321.2,322.9 2 1
github.com/basedalex/avito-backend-2025-spring/internal/service/service.go:322.9,325.3 2 0
github.com/basedalex/avito-backend-2025-spring/internal/service/service.go:327.2,328.16 2 1
github.com/basedalex/avito-backend-2025-spring/internal/service/service.go:328.16,331.3 2 1
github.com/basedalex/avito-backend-2025-spring/internal/service/service.go:333.2,337.64 2 1
github.com/basedalex/avito-backend-2025-spring/internal/service/service.go:337.64,340.3 2 1
github.com/basedalex/avito-backend-2025-spring/internal/service/service.go:342.2,342.38 1 1
github.com/basedalex/avito-backend-2025-spring/internal/service/service.go:346.109,348.16 2 1
github.com/basedalex/avito-backend-2025-spring/internal/service/service.go:348.16,351.3 2 1
github.com/basedalex/avito-backend-2025-spring/internal/service/service.go:352.2,353.9 2 1
github.com/basedalex/avito-backend-2025-spring/internal/service/service.go:353.9,356.3 2 0
github.com/basedalex/avito-backend-2025-spring/internal/service/service.go:358.2,359.19 2 1
github.com/basedalex/avito-backend-2025-spring/internal/service/service.go:359.19,362.6 2 0
github.com/basedalex/avito-backend-2025-spring/internal/service/service.go:363.2,368.16 3 1
github.com/basedalex/avito-backend-2025-spring/internal/service/service.go:368.16,371.3 2 1
github.com/basedalex/avito-backend-2025-spring/internal/service/service.go:373.2,373.48 1 1
github.com/basedalex/avito-backend-2025-spring/internal/service/service.go:377.93,379.16 2 1
github.com/basedalex/avito-backend-2025-spring/internal/service/service.go:379.16,382.3 2 1
github.com/basedalex/avito-backend-2025-spring/internal/service/service.go:384.2,385.9 2 1
github.com/basedalex/avito-backend-2025-spring/internal/service/service.go:385.9,388.3 2 1
github.com/basedalex/avito-backend-2025-spring/internal/service/service.go:390.2,397.16 6 1
github.com/basedalex/avito-backend-2025-spring/internal/service/service.go:397.16,400.3 2 1
github.com/basedalex/avito-backend-2025-spring/internal/service/service.go:402.2,403.19 2 1
github.com/basedalex/avito-backend-2025-spring/internal/service/service.go:403.19,405.29 2 1
github.com/basedalex/avito-backend-2025-spring/internal/service/service.go:405.29,408.4 2 1
github.com/basedalex/avito-backend-2025-spring/internal/service/service.go:411.2,412.20 2 1
github.com/basedalex/avito-backend-2025-spring/internal/service/service.go:412.20,414.44 2 1
github.com/basedalex/avito-backend-2025-spring/internal/service/service.go:414.44,417.4 2 1
github.com/basedalex/avito-backend-2025-spring/internal/service/service.go:420.2,421.16 2 1
github.com/basedalex/avito-backend-2025-spring/internal/service/service.go:421.16,424.3 2 0
github.com/basedalex/avito-backend-2025-spring/internal/service/service.go:425.2,425.38 1 1
github.com/basedalex/avito-backend-2025-spring/internal/service/service.go:428.69,433.16 4 1
github.com/basedalex/avito-backend-2025-spring/internal/service/service.go:433.16,436.3 2 0
github.com/basedalex/avito-backend-2025-spring/internal/service/service.go:439.65,444.17 3 1
github.com/basedalex/avito-backend-2025-spring/internal/service/service.go:444.17,446.17 2 1
github.com/basedalex/avito-backend-2025-spring/internal/service/service.go:446.17,448.4 1 1
github.com/basedalex/avito-backend-2025-spring/internal/service/service.go:450.2,450.15 1 1
github.com/basedalex/avito-backend-2025-spring/internal/service/service.go:450.15,452.17 2 1
github.com/basedalex/avito-backend-2025-spring/internal/service/service.go:452.17,454.4 1 0
github.com/basedalex/avito-backend-2025-spring/internal/service/service.go:457.2,457.32 1 1
github.com/basedalex/avito-backend-2025-spring/internal/service/service.go:460.52,462.23 2 1
github.com/basedalex/avito-backend-2025-spring/internal/service/service.go:462.23,464.3 1 0
github.com/basedalex/avito-backend-2025-spring/internal/service/service.go:465.2,466.16 2 1
github.com/basedalex/avito-backend-2025-spring/internal/service/service.go:466.16,468.3 1 1
github.com/basedalex/avito-backend-2025-spring/internal/service/service.go:469.2,469.19 1 1
github.com/basedalex/avito-backend-2025-spring/internal/service/service.go:472.48,485.9 4 1
github.com/basedalex/avito-backend-2025-spring/internal/service/service.go:485.9,487.3 1 0
github.com/basedalex/avito-backend-2025-spring/internal/service/service.go:489.2,489.26 1 1
github.com/basedalex/avito-backend-2025-spring/internal/service/service.go:489.26,490.16 1 1
github.com/basedalex/avito-backend-2025-spring/internal/service/service.go:490.16,492.4 1 1
github.com/basedalex/avito-backend-2025-spring/internal/service/service.go:495.2,501.14 6 1
